<?xml version="1.0" encoding="UTF-8"?>
<testng-results ignored="0" total="1" passed="1" failed="0" skipped="0">
  <reporter-output>
  </reporter-output>
  <suite started-at="2020-05-03T21:10:32 IST" name="Default suite" finished-at="2020-05-03T21:11:07 IST" duration-ms="34770">
    <groups>
    </groups>
    <test started-at="2020-05-03T21:10:32 IST" name="Default test" finished-at="2020-05-03T21:11:07 IST" duration-ms="34770">
      <class name="Demoapp.verify">
        <test-method signature="openGoolge()[pri:0, instance:Demoapp.verify@13c10b87]" started-at="2020-05-03T21:10:32 IST" name="openGoolge" finished-at="2020-05-03T21:11:07 IST" duration-ms="34623" status="PASS">
          <reporter-output>
          </reporter-output>
        </test-method> <!-- openGoolge -->
      </class> <!-- Demoapp.verify -->
    </test> <!-- Default test -->
  </suite> <!-- Default suite -->
</testng-results>
